Sep 21, 2018 3:13:58 PM com.orientechnologies.common.log.OLogManager log
INFO: Configuration of usage of soft references inside of containers of results of SQL execution
Sep 21, 2018 3:13:58 PM com.orientechnologies.common.log.OLogManager log
INFO: Initial or maximum values of heap memory usage are NOT set, containers of results of SQL executors will NOT use soft references by default
Sep 21, 2018 3:13:58 PM com.orientechnologies.common.log.OLogManager log
INFO: Auto configuration of disk cache size.
Sep 21, 2018 3:13:58 PM com.orientechnologies.common.log.OLogManager log
INFO: Disk cache size is directly set by the user to the 64 mb
Sep 21, 2018 3:14:00 PM com.orientechnologies.common.log.OLogManager log
WARNING: The configured memory chunk size (2147483647 bytes) is larger than the configured maximum amount of JVM direct memory (716177408 bytes). That may cause out of memory errors, please tune the configuration up. Use the -XX:MaxDirectMemorySize JVM option to raise the JVM maximum direct memory size or memory.chunk.size OrientDB option to lower memory chunk size.
Sep 21, 2018 3:14:00 PM com.orientechnologies.common.log.OLogManager log
WARNING: The configured memory chunk size (2147483647 bytes) is larger than the configured maximum cache size (67108864 bytes). That may cause overallocation of a memory which will be wasted, please tune the configuration up. Use the storage.diskCache.bufferSize OrientDB option to raise the cache memory size or memory.chunk.size OrientDB option to lower memory chunk size.
Sep 21, 2018 3:14:00 PM com.orientechnologies.common.log.OLogManager log
INFO: Lowering memory chunk size from 2,147,483,647B to 67,108,864B.
Sep 21, 2018 3:14:15 PM com.orientechnologies.common.log.OLogManager log
INFO: Storage 'plocal:/home/shahb/workstation/workspace/arc-subscriptions-workspace/entdev/hazel-test/.ensime_cache/graph-2.0.5' is opened under OrientDB distribution : 2.2.33 (build 77584cd6827f647cf4aa231cf27bd6f10bc04e2c, branch 2.2.x)
Sep 21, 2018 3:19:02 PM com.orientechnologies.common.log.OLogManager log
INFO: Orient Engine is shutting down...
Sep 21, 2018 3:19:02 PM com.orientechnologies.common.log.OLogManager log
INFO: - shutdown storage: graph-2.0.5...
Sep 21, 2018 3:19:03 PM com.orientechnologies.common.log.OLogManager log
INFO: OrientDB Engine shutdown complete
